[    0.000000] Linux version 4.15.0-194-generic (buildd@lcy02-amd64-052) (gcc version 7.5.0 (Ubuntu 7.5.0-3ubuntu1~18.04)) #205-Ubuntu SMP Fri Sep 16 19:49:27 UTC 2022 (Ubuntu 4.15.0-194.205-generic 4.15.18)
[    0.000000] Command line: BOOT_IMAGE=/boot/vmlinuz-4.15.0-194-generic root=LABEL=cloudimg-rootfs ro console=tty1 console=ttyS0
[    0.000000] KERNEL supported cpus:
[    0.000000]   Intel GenuineIntel
[    0.000000]   AMD AuthenticAMD
[    0.000000]   Centaur CentaurHauls
[    0.000000] x86/fpu: Supporting XSAVE feature 0x001: 'x87 floating point registers'
[    0.000000] x86/fpu: Supporting XSAVE feature 0x002: 'SSE registers'
[    0.000000] x86/fpu: Supporting XSAVE feature 0x004: 'AVX registers'
[    0.000000] x86/fpu: xstate_offset[2]:  576, xstate_sizes[2]:  256
[    0.000000] x86/fpu: Enabled xstate features 0x7, context size is 832 bytes, using 'standard' format.
[    0.000000] e820: BIOS-provided physical RAM map:
[    0.000000] BIOS-e820: [mem 0x0000000000000000-0x000000000009fbff] usable
[    0.000000] BIOS-e820: [mem 0x000000000009fc00-0x000000000009ffff] reserved
[    0.000000] BIOS-e820: [mem 0x00000000000f0000-0x00000000000fffff] reserved
[    0.000000] BIOS-e820: [mem 0x0000000000100000-0x000000003ffeffff] usable
[    0.000000] BIOS-e820: [mem 0x000000003fff0000-0x000000003fffffff] ACPI data
[    0.000000] BIOS-e820: [mem 0x00000000fec00000-0x00000000fec00fff] reserved
[    0.000000] BIOS-e820: [mem 0x00000000fee00000-0x00000000fee00fff] reserved
[    0.000000] BIOS-e820: [mem 0x00000000fffc0000-0x00000000ffffffff] reserved
[    0.000000] NX (Execute Disable) protection: active
[    0.000000] SMBIOS 2.5 present.
[    0.000000] DMI: innotek GmbH VirtualBox/VirtualBox, BIOS VirtualBox 12/01/2006
[    0.000000] Hypervisor detected: KVM
[    0.000000] e820: last_pfn = 0x3fff0 max_arch_pfn = 0x400000000
[    0.000000] MTRR: Disabled
[    0.000000] x86/PAT: MTRRs disabled, skipping PAT initialization too.
[    0.000000] CPU MTRRs all blank - virtualized system.
[    0.000000] x86/PAT: Configuration [0-7]: WB  WT  UC- UC  WB  WT  UC- UC  
[    0.000000] found SMP MP-table at [mem 0x0009fff0-0x0009ffff]
[    0.000000] Scanning 1 areas for low memory corruption
[    0.000000] RAMDISK: [mem 0x359cb000-0x36cdcfff]
[    0.000000] ACPI: Early table checksum verification disabled
[    0.000000] ACPI: RSDP 0x00000000000E0000 000024 (v02 VBOX  )
[    0.000000] ACPI: XSDT 0x000000003FFF0030 00003C (v01 VBOX   VBOXXSDT 00000001 ASL  00000061)
[    0.000000] ACPI: FACP 0x000000003FFF00F0 0000F4 (v04 VBOX   VBOXFACP 00000001 ASL  00000061)
[    0.000000] ACPI: DSDT 0x000000003FFF0470 002325 (v02 VBOX   VBOXBIOS 00000002 INTL 20100528)
[    0.000000] ACPI: FACS 0x000000003FFF0200 000040
[    0.000000] ACPI: FACS 0x000000003FFF0200 000040
[    0.000000] ACPI: APIC 0x000000003FFF0240 00005C (v02 VBOX   VBOXAPIC 00000001 ASL  00000061)
[    0.000000] ACPI: SSDT 0x000000003FFF02A0 0001CC (v01 VBOX   VBOXCPUT 00000002 INTL 20100528)
[    0.000000] ACPI: Reserving FACP table memory at [mem 0x3fff00f0-0x3fff01e3]
[    0.000000] ACPI: Reserving DSDT table memory at [mem 0x3fff0470-0x3fff2794]
[    0.000000] ACPI: Reserving FACS table memory at [mem 0x3fff0200-0x3fff023f]
[    0.000000] ACPI: Reserving FACS table memory at [mem 0x3fff0200-0x3fff023f]
[    0.000000] ACPI: Reserving APIC table memory at [mem 0x3fff0240-0x3fff029b]
[    0.000000] ACPI: Reserving SSDT table memory at [mem 0x3fff02a0-0x3fff046b]
[    0.000000] No NUMA configuration found
[    0.000000] Faking a node at [mem 0x0000000000000000-0x000000003ffeffff]
[    0.000000] NODE_DATA(0) allocated [mem 0x3ffc5000-0x3ffeffff]
[    0.000000] kvm-clock: cpu 0, msr 0:3ff44001, primary cpu clock
[    0.000000] kvm-clock: Using msrs 4b564d01 and 4b564d00
[    0.000000] kvm-clock: using sched offset of 5478533485 cycles
[    0.000000] clocksource: kvm-clock: mask: 0xffffffffffffffff max_cycles: 0x1cd42e4dffb, max_idle_ns: 881590591483 ns
[    0.000000] Zone ranges:
[    0.000000]   DMA      [mem 0x0000000000001000-0x0000000000ffffff]
[    0.000000]   DMA32    [mem 0x0000000001000000-0x000000003ffeffff]
[    0.000000]   Normal   empty
[    0.000000]   Device   empty
[    0.000000] Movable zone start for each node
[    0.000000] Early memory node ranges
[    0.000000]   node   0: [mem 0x0000000000001000-0x000000000009efff]
[    0.000000]   node   0: [mem 0x0000000000100000-0x000000003ffeffff]
[    0.000000] Reserved but unavailable: 104 pages
[    0.000000] Initmem setup node 0 [mem 0x0000000000001000-0x000000003ffeffff]
[    0.000000] ACPI: PM-Timer IO Port: 0x4008
[    0.000000] IOAPIC[0]: apic_id 2, version 32, address 0xfec00000, GSI 0-23
[    0.000000] ACPI: INT_SRC_OVR (bus 0 bus_irq 0 global_irq 2 dfl dfl)
[    0.000000] ACPI: INT_SRC_OVR (bus 0 bus_irq 9 global_irq 9 low level)
[    0.000000] Using ACPI (MADT) for SMP configuration information
[    0.000000] smpboot: Allowing 2 CPUs, 0 hotplug CPUs
[    0.000000] PM: Registered nosave memory: [mem 0x00000000-0x00000fff]
[    0.000000] PM: Registered nosave memory: [mem 0x0009f000-0x0009ffff]
[    0.000000] PM: Registered nosave memory: [mem 0x000a0000-0x000effff]
[    0.000000] PM: Registered nosave memory: [mem 0x000f0000-0x000fffff]
[    0.000000] e820: [mem 0x40000000-0xfebfffff] available for PCI devices
[    0.000000] Booting paravirtualized kernel on KVM
[    0.000000] clocksource: refined-jiffies: mask: 0xffffffff max_cycles: 0xffffffff, max_idle_ns: 7645519600211568 ns
[    0.000000] setup_percpu: NR_CPUS:8192 nr_cpumask_bits:2 nr_cpu_ids:2 nr_node_ids:1
[    0.000000] percpu: Embedded 50 pages/cpu s167936 r8192 d28672 u1048576
[    0.000000] PV qspinlock hash table entries: 256 (order: 0, 4096 bytes)
[    0.000000] Built 1 zonelists, mobility grouping on.  Total pages: 257913
[    0.000000] Policy zone: DMA32
[    0.000000] Kernel command line: BOOT_IMAGE=/boot/vmlinuz-4.15.0-194-generic root=LABEL=cloudimg-rootfs ro console=tty1 console=ttyS0
[    0.000000] Memory: 982652K/1048120K available (12300K kernel code, 2477K rwdata, 4320K rodata, 2472K init, 2720K bss, 65468K reserved, 0K cma-reserved)
[    0.000000] SLUB: HWalign=64, Order=0-3, MinObjects=0, CPUs=2, Nodes=1
[    0.000000] Kernel/User page tables isolation: enabled
[    0.000000] ftrace: allocating 39477 entries in 155 pages
[    0.004000] Hierarchical RCU implementation.
[    0.004000] 	RCU restricting CPUs from NR_CPUS=8192 to nr_cpu_ids=2.
[    0.004000] 	Tasks RCU enabled.
[    0.004000] RCU: Adjusting geometry for rcu_fanout_leaf=16, nr_cpu_ids=2
[    0.004000] NR_IRQS: 524544, nr_irqs: 440, preallocated irqs: 16
[    0.004000] random: crng init done
[    0.004000] Console: colour VGA+ 80x25
[    0.004000] console [tty1] enabled
[    0.004000] console [ttyS0] enabled
[    0.004000] ACPI: Core revision 20170831
[    0.004000] ACPI: 2 ACPI AML tables successfully acquired and loaded
[    0.004000] APIC: Switch to symmetric I/O mode setup
[    0.004000] x2apic enabled
[    0.004010] Switched APIC routing to physical x2apic.
[    0.008000] ..TIMER: vector=0x30 apic1=0 pin1=2 apic2=-1 pin2=-1
[    0.008004] tsc: Detected 2593.994 MHz processor
[    0.012014] Calibrating delay loop (skipped) preset value.. 5187.98 BogoMIPS (lpj=10375976)
[    0.014855] pid_max: default: 32768 minimum: 301
[    0.016079] Security Framework initialized
[    0.020004] Yama: becoming mindful.
[    0.021450] AppArmor: AppArmor initialized
[    0.024100] Dentry cache hash table entries: 131072 (order: 8, 1048576 bytes)
[    0.028098] Inode-cache hash table entries: 65536 (order: 7, 524288 bytes)
[    0.030968] Mount-cache hash table entries: 2048 (order: 2, 16384 bytes)
[    0.032031] Mountpoint-cache hash table entries: 2048 (order: 2, 16384 bytes)
[    0.036586] Last level iTLB entries: 4KB 64, 2MB 8, 4MB 8
[    0.038767] Last level dTLB entries: 4KB 64, 2MB 0, 4MB 0, 1GB 4
[    0.040004] Spectre V1 : Mitigation: usercopy/swapgs barriers and __user pointer sanitization
[    0.044005] Spectre V2 : Mitigation: Retpolines
[    0.045927] Spectre V2 : Spectre v2 / SpectreRSB mitigation: Filling RSB on context switch
[    0.048007] Speculative Store Bypass: Vulnerable
[    0.052064] MDS: Vulnerable: Clear CPU buffers attempted, no microcode
[    0.056005] SRBDS: Unknown: Dependent on hypervisor status
[    0.058563] Freeing SMP alternatives memory: 36K
[    0.171618] smpboot: CPU0: Intel(R) Core(TM) i7-5600U CPU @ 2.60GHz (family: 0x6, model: 0x3d, stepping: 0x4)
[    0.172000] Performance Events: unsupported p6 CPU model 61 no PMU driver, software events only.
[    0.172049] Hierarchical SRCU implementation.
[    0.176769] NMI watchdog: Perf event create on CPU 0 failed with -2
[    0.179809] NMI watchdog: Perf NMI watchdog permanently disabled
[    0.180105] smp: Bringing up secondary CPUs ...
[    0.184230] x86: Booting SMP configuration:
[    0.186099] .... node  #0, CPUs:      #1
[    0.004000] kvm-clock: cpu 1, msr 0:3ff44041, secondary cpu clock
[    0.192026] smp: Brought up 1 node, 2 CPUs
[    0.193662] smpboot: Max logical packages: 1
[    0.196026] smpboot: Total of 2 processors activated (10375.97 BogoMIPS)
[    0.200081] devtmpfs: initialized
[    0.201521] x86/mm: Memory block size: 128MB
[    0.204495] evm: security.selinux
[    0.206092] evm: security.SMACK64
[    0.207658] evm: security.SMACK64EXEC
[    0.208008] evm: security.SMACK64TRANSMUTE
[    0.209749] evm: security.SMACK64MMAP
[    0.212009] evm: security.apparmor
[    0.213700] evm: security.ima
[    0.216010] evm: security.capability
[    0.217961] clocksource: jiffies: mask: 0xffffffff max_cycles: 0xffffffff, max_idle_ns: 7645041785100000 ns
[    0.220030] futex hash table entries: 512 (order: 3, 32768 bytes)
[    0.224085] pinctrl core: initialized pinctrl subsystem
[    0.228295] RTC time:  0:51:08, date: 11/21/22
[    0.232374] NET: Registered protocol family 16
[    0.236348] audit: initializing netlink subsys (disabled)
[    0.238941] audit: type=2000 audit(1668991875.003:1): state=initialized audit_enabled=0 res=1
[    0.240021] cpuidle: using governor ladder
[    0.244058] cpuidle: using governor menu
[    0.246692] ACPI: bus type PCI registered
[    0.248005] acpiphp: ACPI Hot Plug PCI Controller Driver version: 0.5
[    0.252239] PCI: Using configuration type 1 for base access
[    0.260089] HugeTLB registered 2.00 MiB page size, pre-allocated 0 pages
[    0.264139] ACPI: Added _OSI(Module Device)
[    0.266219] ACPI: Added _OSI(Processor Device)
[    0.268019] ACPI: Added _OSI(3.0 _SCP Extensions)
[    0.270049] ACPI: Added _OSI(Processor Aggregator Device)
[    0.272024] ACPI: Added _OSI(Linux-Dell-Video)
[    0.276012] ACPI: Added _OSI(Linux-Lenovo-NV-HDMI-Audio)
[    0.279087] ACPI: Added _OSI(Linux-HPI-Hybrid-Graphics)
[    0.280655] ACPI: Executed 1 blocks of module-level executable AML code
[    0.301822] ACPI: Interpreter enabled
[    0.303527] ACPI: (supports S0 S5)
[    0.304007] ACPI: Using IOAPIC for interrupt routing
[    0.308295] PCI: Using host bridge windows from ACPI; if necessary, use "pci=nocrs" and report a bug
[    0.312000] ACPI: Enabled 2 GPEs in block 00 to 07
[    0.337589] ACPI: PCI Root Bridge [PCI0] (domain 0000 [bus 00-ff])
[    0.340000] acpi PNP0A03:00: _OSC: OS supports [ASPM ClockPM Segments MSI]
[    0.345312] acpi PNP0A03:00: _OSC: not requesting OS control; OS requires [ExtendedConfig ASPM ClockPM MSI]
[    0.348038] acpi PNP0A03:00: fail to add MMCONFIG information, can't access extended PCI configuration space under this bridge.
[    0.353070] PCI host bridge to bus 0000:00
[    0.356009] pci_bus 0000:00: root bus resource [io  0x0000-0x0cf7 window]
[    0.360012] pci_bus 0000:00: root bus resource [io  0x0d00-0xffff window]
[    0.364013] pci_bus 0000:00: root bus resource [mem 0x000a0000-0x000bffff window]
[    0.366904] pci_bus 0000:00: root bus resource [mem 0x40000000-0xfdffffff window]
[    0.368013] pci_bus 0000:00: root bus resource [bus 00-ff]
[    0.380112] pci 0000:00:01.1: legacy IDE quirk: reg 0x10: [io  0x01f0-0x01f7]
[    0.382902] pci 0000:00:01.1: legacy IDE quirk: reg 0x14: [io  0x03f6]
[    0.384005] pci 0000:00:01.1: legacy IDE quirk: reg 0x18: [io  0x0170-0x0177]
[    0.386519] pci 0000:00:01.1: legacy IDE quirk: reg 0x1c: [io  0x0376]
[    0.417776] pci 0000:00:07.0: quirk: [io  0x4000-0x403f] claimed by PIIX4 ACPI
[    0.420025] pci 0000:00:07.0: quirk: [io  0x4100-0x410f] claimed by PIIX4 SMB
[    0.444235] ACPI: PCI Interrupt Link [LNKA] (IRQs 5 9 10 *11)
[    0.447398] ACPI: PCI Interrupt Link [LNKB] (IRQs 5 9 *10 11)
[    0.448315] ACPI: PCI Interrupt Link [LNKC] (IRQs 5 *9 10 11)
[    0.452239] ACPI: PCI Interrupt Link [LNKD] (IRQs 5 9 10 *11)
[    0.456033] SCSI subsystem initialized
[    0.457771] pci 0000:00:02.0: vgaarb: setting as boot VGA device
[    0.458238] pci 0000:00:02.0: vgaarb: VGA device added: decodes=io+mem,owns=io+mem,locks=none
[    0.460018] pci 0000:00:02.0: vgaarb: bridge control possible
[    0.464005] vgaarb: loaded
[    0.468077] ACPI: bus type USB registered
[    0.469746] usbcore: registered new interface driver usbfs
[    0.472020] usbcore: registered new interface driver hub
[    0.474303] usbcore: registered new device driver usb
[    0.476022] EDAC MC: Ver: 3.0.0
[    0.477670] PCI: Using ACPI for IRQ routing
[    0.480596] NetLabel: Initializing
[    0.481953] NetLabel:  domain hash size = 128
[    0.483803] NetLabel:  protocols = UNLABELED CIPSOv4 CALIPSO
[    0.484031] NetLabel:  unlabeled traffic allowed by default
[    0.488136] clocksource: Switched to clocksource kvm-clock
[    0.522159] VFS: Disk quotas dquot_6.6.0
[    0.523912] VFS: Dquot-cache hash table entries: 512 (order 0, 4096 bytes)
[    0.527502] AppArmor: AppArmor Filesystem Enabled
[    0.529828] pnp: PnP ACPI init
[    0.534115] pnp: PnP ACPI: found 3 devices
[    0.546086] clocksource: acpi_pm: mask: 0xffffff max_cycles: 0xffffff, max_idle_ns: 2085701024 ns
[    0.549881] NET: Registered protocol family 2
[    0.551977] IP idents hash table entries: 16384 (order: 5, 131072 bytes)
[    0.556610] TCP established hash table entries: 8192 (order: 4, 65536 bytes)
[    0.560092] TCP bind hash table entries: 8192 (order: 5, 131072 bytes)
[    0.564789] TCP: Hash tables configured (established 8192 bind 8192)
[    0.567473] UDP hash table entries: 512 (order: 2, 16384 bytes)
[    0.569718] UDP-Lite hash table entries: 512 (order: 2, 16384 bytes)
[    0.572266] NET: Registered protocol family 1
[    0.573932] pci 0000:00:00.0: Limiting direct PCI/PCI transfers
[    0.576544] pci 0000:00:01.0: Activating ISA DMA hang workarounds
[    0.579853] pci 0000:00:02.0: Video device with shadowed ROM at [mem 0x000c0000-0x000dffff]
[    0.583225] Unpacking initramfs...
[    1.262469] Freeing initrd memory: 19528K
[    1.264830] clocksource: tsc: mask: 0xffffffffffffffff max_cycles: 0x256412811b4, max_idle_ns: 440795306987 ns
[    1.268648] platform rtc_cmos: registered platform RTC device (no PNP device found)
[    1.271503] Scanning for low memory corruption every 60 seconds
[    1.274409] Initialise system trusted keyrings
[    1.276232] Key type blacklist registered
[    1.278501] workingset: timestamp_bits=36 max_order=18 bucket_order=0
[    1.284827] zbud: loaded
[    1.286979] squashfs: version 4.0 (2009/01/31) Phillip Lougher
[    1.289677] fuse init (API version 7.26)
[    1.295206] Key type asymmetric registered
[    1.297173] Asymmetric key parser 'x509' registered
[    1.299332] Block layer SCSI generic (bsg) driver version 0.4 loaded (major 246)
[    1.302409] io scheduler noop registered
[    1.303987] io scheduler deadline registered
[    1.305798] io scheduler cfq registered (default)
[    1.308319] ACPI: AC Adapter [AC] (off-line)
[    1.310755] input: Power Button as /devices/LNXSYSTM:00/LNXPWRBN:00/input/input0
[    1.314319] ACPI: Power Button [PWRF]
[    1.315936] input: Sleep Button as /devices/LNXSYSTM:00/LNXSLPBN:00/input/input1
[    1.318810] ACPI: Sleep Button [SLPF]
[    1.322964] ACPI: Battery Slot [BAT0] (battery present)
[    1.324394] Serial: 8250/16550 driver, 32 ports, IRQ sharing enabled
[    1.350631] 00:02: ttyS0 at I/O 0x3f8 (irq = 4, base_baud = 115200) is a 16550A
[    1.358270] Linux agpgart interface v0.103
[    1.365180] loop: module loaded
[    1.368838] scsi host0: ata_piix
[    1.370949] scsi host1: ata_piix
[    1.372960] ata1: PATA max UDMA/33 cmd 0x1f0 ctl 0x3f6 bmdma 0xd000 irq 14
[    1.376137] ata2: PATA max UDMA/33 cmd 0x170 ctl 0x376 bmdma 0xd008 irq 15
[    1.380293] tun: Universal TUN/TAP device driver, 1.6
[    1.382841] PPP generic driver version 2.4.2
[    1.385116] ehci_hcd: USB 2.0 'Enhanced' Host Controller (EHCI) Driver
[    1.388061] ehci-pci: EHCI PCI platform driver
[    1.390203] ehci-platform: EHCI generic platform driver
[    1.392450] ohci_hcd: USB 1.1 'Open' Host Controller (OHCI) Driver
[    1.395683] ohci-pci: OHCI PCI platform driver
[    1.398058] ohci-platform: OHCI generic platform driver
[    1.400571] uhci_hcd: USB Universal Host Controller Interface driver
[    1.405243] i8042: PNP: PS/2 Controller [PNP0303:PS2K,PNP0f03:PS2M] at 0x60,0x64 irq 1,12
[    1.410479] serio: i8042 KBD port at 0x60,0x64 irq 1
[    1.413597] serio: i8042 AUX port at 0x60,0x64 irq 12
[    1.416532] mousedev: PS/2 mouse device common for all mice
[    1.419602] input: AT Translated Set 2 keyboard as /devices/platform/i8042/serio0/input/input2
[    1.420712] rtc_cmos rtc_cmos: rtc core: registered rtc_cmos as rtc0
[    1.427686] rtc_cmos rtc_cmos: alarms up to one day, 114 bytes nvram
[    1.430713] i2c /dev entries driver
[    1.432333] device-mapper: uevent: version 1.0.3
[    1.434693] device-mapper: ioctl: 4.37.0-ioctl (2017-09-20) initialised: dm-devel@redhat.com
[    1.438985] ledtrig-cpu: registered to indicate activity on CPUs
[    1.442622] NET: Registered protocol family 10
[    1.450796] Segment Routing with IPv6
[    1.452211] NET: Registered protocol family 17
[    1.453858] Key type dns_resolver registered
[    1.455690] mce: Using 0 MCE banks
[    1.457145] RAS: Correctable Errors collector initialized.
[    1.459183] sched_clock: Marking stable (1457118288, 0)->(1844712396, -387594108)
[    1.463907] registered taskstats version 1
[    1.465509] Loading compiled-in X.509 certificates
[    1.471480] Loaded X.509 cert 'Build time autogenerated kernel key: 6303a3b02fa1c7713b8a75ba7ba622fabd5dd271'
[    1.476458] Loaded X.509 cert 'Canonical Ltd. Live Patch Signing: 14df34d1a87cf37625abec039ef2bf521249b969'
[    1.481938] Loaded X.509 cert 'Canonical Ltd. Kernel Module Signing: 88f752e560a1e0737e31163a466ad7b70a850c19'
[    1.485276] blacklist: Loading compiled-in revocation X.509 certificates
[    1.487475] Loaded X.509 cert 'Canonical Ltd. Secure Boot Signing: 61482aa2830d0ab2ad5af10b7250da9033ddcef0'
[    1.490900] zswap: loaded using pool lzo/zbud
[    1.498042] Key type big_key registered
[    1.499998] Key type trusted registered
[    1.503751] Key type encrypted registered
[    1.505270] AppArmor: AppArmor sha1 policy hashing enabled
[    1.507115] ima: No TPM chip found, activating TPM-bypass! (rc=-19)
[    1.509242] ima: Allocated hash algorithm: sha1
[    1.511317] evm: HMAC attrs: 0x1
[    1.513523]   Magic number: 14:943:860
[    1.515027] rtc_cmos rtc_cmos: setting system clock to 2022-11-21 00:51:09 UTC (1668991869)
[    1.518299] BIOS EDD facility v0.16 2004-Jun-25, 0 devices found
[    1.520650] EDD information not available.
[    2.229461] Freeing unused kernel image memory: 2472K
[    2.245261] Write protecting the kernel read-only data: 20480k
[    2.250510] Freeing unused kernel image memory: 2008K
[    2.254225] Freeing unused kernel image memory: 1824K
[    2.308165] x86/mm: Checked W+X mappings: passed, no W+X pages found.
[    2.313747] x86/mm: Checking user space page tables
[    2.372450] x86/mm: Checked W+X mappings: passed, no W+X pages found.
Loading, please wait...
starting version 237
[    2.635023] Fusion MPT base driver 3.04.20
[    2.637224] Copyright (c) 1999-2008 LSI Corporation
[    2.647184] e1000: Intel(R) PRO/1000 Network Driver - version 7.3.21-k8-NAPI
[    2.653121] e1000: Copyright (c) 1999-2006 Intel Corporation.
[    2.663438] Fusion MPT SPI Host driver 3.04.20
[    2.678493] mptbase: ioc0: Initiating bringup
[    2.699155] AVX2 version of gcm_enc/dec engaged.
[    2.702034] AES CTR mode by8 optimization enabled
[    2.788837] ioc0: LSI53C1030 A0: Capabilities={Initiator}
[    2.836257] input: ImExPS/2 Generic Explorer Mouse as /devices/platform/i8042/serio1/input/input4
[    3.042261] scsi host2: ioc0: LSI53C1030 A0, FwRev=00000000h, Ports=1, MaxQ=256, IRQ=20
[    3.213521] scsi 2:0:0:0: Direct-Access     VBOX     HARDDISK         1.0  PQ: 0 ANSI: 5
[    3.248251] scsi target2:0:0: Beginning Domain Validation
[    3.252972] scsi target2:0:0: Domain Validation skipping write tests
[    3.255955] scsi target2:0:0: Ending Domain Validation
[    3.258568] scsi target2:0:0: asynchronous
[    3.262050] scsi 2:0:1:0: Direct-Access     VBOX     HARDDISK         1.0  PQ: 0 ANSI: 5
[    3.624110] scsi target2:0:1: Beginning Domain Validation
[    3.629779] scsi target2:0:1: Domain Validation skipping write tests
[    3.633316] scsi target2:0:1: Ending Domain Validation
[    3.636330] scsi target2:0:1: asynchronous
[    3.648934] sd 2:0:0:0: Attached scsi generic sg0 type 0
[    3.651288] sd 2:0:0:0: [sda] 83886080 512-byte logical blocks: (42.9 GB/40.0 GiB)
[    3.654862] sd 2:0:0:0: [sda] Write Protect is off
[    3.657548] sd 2:0:0:0: [sda] Incomplete mode parameter data
[    3.660105] sd 2:0:0:0: [sda] Assuming drive cache: write through
[    3.665007] sd 2:0:1:0: Attached scsi generic sg1 type 0
[    3.671600] sd 2:0:1:0: [sdb] 20480 512-byte logical blocks: (10.5 MB/10.0 MiB)
[    3.674997] sd 2:0:1:0: [sdb] Write Protect is off
[    3.677863] sd 2:0:1:0: [sdb] Incomplete mode parameter data
[    3.680453] sd 2:0:1:0: [sdb] Assuming drive cache: write through
[    3.685897]  sda: sda1
[    3.688511] sd 2:0:0:0: [sda] Attached SCSI disk
[    3.691323] sd 2:0:1:0: [sdb] Attached SCSI disk
[    3.738572] e1000 0000:00:03.0 eth0: (PCI:33MHz:32-bit) 02:ef:f7:70:2e:71
[    3.742090] e1000 0000:00:03.0 eth0: Intel(R) PRO/1000 Network Connection
[    4.256292] e1000 0000:00:08.0 eth1: (PCI:33MHz:32-bit) 08:00:27:9b:7d:b8
[    4.258908] e1000 0000:00:08.0 eth1: Intel(R) PRO/1000 Network Connection
[    4.265179] e1000 0000:00:08.0 enp0s8: renamed from eth1
[    4.281248] e1000 0000:00:03.0 enp0s3: renamed from eth0
Begin: Loading essential drivers ... [    6.616091] raid6: sse2x1   gen()  2511 MB/s
[    6.664119] raid6: sse2x1   xor()  1527 MB/s
[    6.712121] raid6: sse2x2   gen()  5117 MB/s
[    6.761013] raid6: sse2x2   xor()  2572 MB/s
[    6.812212] raid6: sse2x4   gen()  6291 MB/s
[    6.860128] raid6: sse2x4   xor()  3532 MB/s
[    6.908842] raid6: avx2x1   gen()  5094 MB/s
[    6.956729] raid6: avx2x1   xor()  3204 MB/s
[    7.004091] raid6: avx2x2   gen()  8594 MB/s
[    7.052530] raid6: avx2x2   xor()  5042 MB/s
[    7.100433] raid6: avx2x4   gen() 12070 MB/s
[    7.148419] raid6: avx2x4   xor()  7105 MB/s
[    7.150073] raid6: using algorithm avx2x4 gen() 12070 MB/s
[    7.152132] raid6: .... xor() 7105 MB/s, rmw enabled
[    7.154205] raid6: using avx2x2 recovery algorithm
[    7.158827] xor: automatically using best checksumming function   avx       
[    7.165426] async_tx: api initialized (async)
done.
Begin: Running /scripts/init-premount ... done.
Begin: Mounting root file system ... Begin: Running /scripts/local-top ... done.
Begin: Running /scripts/local-premount ... [    7.280996] Btrfs loaded, crc32c=crc32c-intel
Scanning for Btrfs filesystems
done.
Warning: fsck not present, so skipping root file system
[    7.334998] EXT4-fs (sda1): mounted filesystem with ordered data mode. Opts: (null)
done.
Begin: Running /scripts/local-bottom ... done.
Begin: Running /scripts/init-bottom ... done.
[    7.592355] ip_tables: (C) 2000-2006 Netfilter Core Team
[    7.610166] systemd[1]: systemd 237 running in system mode. (+PAM +AUDIT +SELINUX +IMA +APPARMOR +SMACK +SYSVINIT +UTMP +LIBCRYPTSETUP +GCRYPT +GNUTLS +ACL +XZ +LZ4 +SECCOMP +BLKID +ELFUTILS +KMOD -IDN2 +IDN -PCRE2 default-hierarchy=hybrid)
[    7.619132] systemd[1]: Detected virtualization oracle.
[    7.621247] systemd[1]: Detected architecture x86-64.

Welcome to [1mUbuntu 18.04.6 LTS[0m!

[    7.632961] systemd[1]: Set hostname to <ubuntu>.
[    7.638659] systemd[1]: Initializing machine ID from random generator.
[    7.641554] systemd[1]: Installed transient /etc/machine-id file.
[    8.401473] systemd[1]: Created slice User and Session Slice.
[[0;32m  OK  [0m] Created slice User and Session Slice.
[    8.411963] systemd[1]: Set up automount Arbitrary Executable File Formats File System Automount Point.
[[0;32m  OK  [0m] Set up automount Arbitrary Executab…rmats File System Automount Point.
[    8.428244] systemd[1]: Started Forward Password Requests to Wall Directory Watch.
[[0;32m  OK  [0m] Started Forward Password Requests to Wall Directory Watch.
[    8.436901] systemd[1]: Reached target Swap.
[[0;32m  OK  [0m] Reached target Swap.
[[0;32m  OK  [0m] Created slice System Slice.
[[0;32m  OK  [0m] Listening on LVM2 poll daemon socket.
[[0;32m  OK  [0m] Listening on Network Service Netlink Socket.
[[0;32m  OK  [0m] Listening on Journal Socket.
         Mounting POSIX Message Queue File System...
         Mounting Huge Pages File System...
         Starting Set the console keyboard layout...
         Starting Uncomplicated firewall...
[[0;32m  OK  [0m] Reached target Slices.
[[0;32m  OK  [0m] Listening on Journal Socket (/dev/log).
[[0;32m  OK  [0m] Listening on Journal Audit Socket.
         Starting Create list of required st…ce nodes for the current kernel...
         Starting Load Kernel Modules...
[[0;32m  OK  [0m] Listening on fsck to fsckd communication Socket.
         Mounting Kernel Debug File System...
[[0;32m  OK  [0m] Listening on udev Kernel Socket.
[[0;32m  OK  [0m] Reached target System Time Synchronized.
[[0;32m  OK  [0m] Reached target User and Group Name Lookups.
[[0;32m  OK  [0m] Listening on udev Control Socket.
         Starting udev Coldplug all Devices...
         Starting File System Check on Root Device...
[[0;32m  OK  [0m] Listening on /dev/initctl Compatibility Named Pipe.
[[0;32m  OK  [0m] Listening on Syslog Socket.
[[0;32m  OK  [0m] Listening on Device-mapper event daemon FIFOs.
[[0;32m  OK  [0m] Created slice system-serial\x2dgetty.slice.
[[0;32m  OK  [0m] Listening on LVM2 metadata daemon socket.
         Starting Monitoring of LVM2 mirrors…ng dmeventd or progress polling...
         Starting Journal Service...
[[0;32m  OK  [0m] Mounted POSIX Message Queue File System.
[[0;32m  OK  [0m] Mounted Huge Pages File System.
[[0;32m  OK  [0m] Started Uncomplicated firewall.
[[0;32m  OK  [0m] Started Create list of required sta…vice nodes for the current kernel.
[[0;32m  OK  [0m] Mounted Kernel Debug File System.
[    9.165690] Loading iSCSI transport class v2.0-870.
[[0;32m  OK  [0m] Started File System Check Daemon to report status.
         Starting Create Static Device Nodes in /dev...
[[0;32m  OK  [0m] Started LVM2 metadata daemon.
[[0;32m  OK  [0m] Started Create Static Device Nodes in /dev.
[    9.290195] iscsi: registered transport (tcp)
[[0;32m  OK  [0m] Started udev Coldplug all Devices.
[[0;32m  OK  [0m] Started File System Check on Root Device.
         Starting Remount Root and Kernel File Systems...
[[0;32m  OK  [0m] Started Journal Service.
[    9.364451] iscsi: registered transport (iser)
[[0;32m  OK  [0m] Started Load Kernel Modules.
         Mounting FUSE Control File System...
         Mounting Kernel Configuration File System...
         Starting Apply Kernel Variables...
[[0;32m  OK  [0m] Mounted FUSE Control File System.
[[0;32m  OK  [0m] Mounted Kernel Configuration File System.
[[0;32m  OK  [0m] Started Remount Root and Kernel File Systems.
         Starting udev Kernel Device Manager...
         Starting Flush Journal to Persistent Storage...
         Starting Load/Save Random Seed...
[[0;32m  OK  [0m] Started Apply Kernel Variables.
[[0;32m  OK  [0m] Started Monitoring of LVM2 mirrors,…sing dmeventd or progress polling.
[[0;32m  OK  [0m] Started Load/Save Random Seed.
[[0;32m  OK  [0m] Started udev Kernel Device Manager.
[[0;32m  OK  [0m] Started Flush Journal to Persistent Storage.
[[0;32m  OK  [0m] Found device /dev/ttyS0.
[[0;32m  OK  [0m] Listening on Load/Save RF Kill Switch Status /dev/rfkill Watch.
[[0;32m  OK  [0m] Started Set the console keyboard layout.
[[0;32m  OK  [0m] Reached target Local File Systems (Pre).
[[0;32m  OK  [0m] Reached target Local File Systems.
         Starting Commit a transient machine-id on disk...
         Starting Set console font and keymap...
         Starting Tell Plymouth To Write Out Runtime Data...
         Starting AppArmor initialization...
         Starting Create Volatile Files and Directories...
         Starting ebtables ruleset management...
[[0;32m  OK  [0m] Started Dispatch Password Requests to Console Directory Watch.
[[0;32m  OK  [0m] Reached target Local Encrypted Volumes.
[[0;32m  OK  [0m] Started Tell Plymouth To Write Out Runtime Data.
[[0;32m  OK  [0m] Started Commit a transient machine-id on disk.
[[0;32m  OK  [0m] Started Create Volatile Files and Directories.
         Starting Update UTMP about System Boot/Shutdown...
[[0;32m  OK  [0m] Started Update UTMP about System Boot/Shutdown.
[[0;32m  OK  [0m] Started ebtables ruleset management.
[[0;32m  OK  [0m] Started Set console font and keymap.
[[0;32m  OK  [0m] Started AppArmor initialization.
         Starting Load AppArmor profiles managed internally by snapd...
         Starting Initial cloud-init job (pre-networking)...
[[0;32m  OK  [0m] Started Load AppArmor profiles managed internally by snapd.
[   18.075234] cloud-init[808]: Cloud-init v. 22.3.4-0ubuntu1~18.04.1 running 'init-local' at Mon, 21 Nov 2022 00:51:25 +0000. Up 17.38 seconds.
[[0;32m  OK  [0m] Started Initial cloud-init job (pre-networking).
[[0;32m  OK  [0m] Reached target Network (Pre).
         Starting Network Service...
[[0;32m  OK  [0m] Started Network Service.
         Starting Network Name Resolution...
         Starting Wait for Network to be Configured...
[[0;32m  OK  [0m] Started Network Name Resolution.
[[0;32m  OK  [0m] Reached target Host and Network Name Lookups.
[[0;32m  OK  [0m] Reached target Network.
[[0;32m  OK  [0m] Started Wait for Network to be Configured.
         Starting Initial cloud-init job (metadata service crawler)...
[   21.528378] cloud-init[908]: Cloud-init v. 22.3.4-0ubuntu1~18.04.1 running 'init' at Mon, 21 Nov 2022 00:51:29 +0000. Up 21.09 seconds.
[   21.534014] cloud-init[908]: ci-info: ++++++++++++++++++++++++++++++++++++++Net device info+++++++++++++++++++++++++++++++++++++++
[   21.537029] cloud-init[908]: ci-info: +--------+-------+----------------------------+---------------+--------+-------------------+
[   21.540785] cloud-init[908]: ci-info: | Device |   Up  |          Address           |      Mask     | Scope  |     Hw-Address    |
[   21.544499] cloud-init[908]: ci-info: +--------+-------+----------------------------+---------------+--------+-------------------+
[   21.547421] cloud-init[908]: ci-info: | enp0s3 |  True |         10.0.2.15          | 255.255.255.0 | global | 02:ef:f7:70:2e:71 |
[   21.550109] cloud-init[908]: ci-info: | enp0s3 |  True | fe80::ef:f7ff:fe70:2e71/64 |       .       |  link  | 02:ef:f7:70:2e:71 |
[   21.552745] cloud-init[908]: ci-info: | enp0s8 | False |             .              |       .       |   .    | 08:00:27:9b:7d:b8 |
[   21.555661] cloud-init[908]: ci-info: |   lo   |  True |         127.0.0.1          |   255.0.0.0   |  host  |         .         |
[   21.558861] cloud-init[908]: ci-info: |   lo   |  True |          ::1/128           |       .       |  host  |         .         |
[   21.562378] cloud-init[908]: ci-info: +--------+-------+----------------------------+---------------+--------+-------------------+
[   21.564560] cloud-init[908]: ci-info: ++++++++++++++++++++++++++++Route IPv4 info+++++++++++++++++++++++++++++
[   21.566853] cloud-init[908]: ci-info: +-------+-------------+----------+-----------------+-----------+-------+
[   21.569254] cloud-init[908]: ci-info: | Route | Destination | Gateway  |     Genmask     | Interface | Flags |
[   21.571949] cloud-init[908]: ci-info: +-------+-------------+----------+-----------------+-----------+-------+
[   21.574146] cloud-init[908]: ci-info: |   0   |   0.0.0.0   | 10.0.2.2 |     0.0.0.0     |   enp0s3  |   UG  |
[   21.576940] cloud-init[908]: ci-info: |   1   |   10.0.2.0  | 0.0.0.0  |  255.255.255.0  |   enp0s3  |   U   |
[   21.579551] cloud-init[908]: ci-info: |   2   |   10.0.2.2  | 0.0.0.0  | 255.255.255.255 |   enp0s3  |   UH  |
[   21.582003] cloud-init[908]: ci-info: +-------+-------------+----------+-----------------+-----------+-------+
[   21.584433] cloud-init[908]: ci-info: +++++++++++++++++++Route IPv6 info+++++++++++++++++++
[   21.586457] cloud-init[908]: ci-info: +-------+-------------+---------+-----------+-------+
[   21.588508] cloud-init[908]: ci-info: | Route | Destination | Gateway | Interface | Flags |
[   21.590489] cloud-init[908]: ci-info: +-------+-------------+---------+-----------+-------+
[   21.593376] cloud-init[908]: ci-info: |   1   |  fe80::/64  |    ::   |   enp0s3  |   U   |
[   21.596028] cloud-init[908]: ci-info: |   3   |    local    |    ::   |   enp0s3  |   U   |
[   21.598153] cloud-init[908]: ci-info: |   4   |   ff00::/8  |    ::   |   enp0s3  |   U   |
[   21.600045] cloud-init[908]: ci-info: +-------+-------------+---------+-----------+-------+
[   22.889232] cloud-init[908]: Generating public/private rsa key pair.
[   22.891966] cloud-init[908]: Your identification has been saved in /etc/ssh/ssh_host_rsa_key.
[   22.896512] cloud-init[908]: Your public key has been saved in /etc/ssh/ssh_host_rsa_key.pub.
[   22.908427] cloud-init[908]: The key fingerprint is:
[   22.911814] cloud-init[908]: SHA256:tHjnDHuv8nK3gk7wMJCgSUS+cgr45Jfjfr28mS+vIV0 root@ubuntu-bionic
[   22.916469] cloud-init[908]: The key's randomart image is:
[   22.918830] cloud-init[908]: +---[RSA 2048]----+
[   22.920895] cloud-init[908]: |o+.              |
[   22.922799] cloud-init[908]: |oo . .           |
[   22.924463] cloud-init[908]: |o.  o   .        |
[   22.926564] cloud-init[908]: |. .  . o .       |
[   22.928753] cloud-init[908]: |+.o   = S E      |
[   22.930293] cloud-init[908]: |o*   . B B       |
[   22.932311] cloud-init[908]: |. o + ..*.+      |
[   22.935115] cloud-init[908]: |   o ..+*=o..    |
[   22.939192] cloud-init[908]: |   .o. .O%=+o.   |
[   22.941495] cloud-init[908]: +----[SHA256]-----+
[   22.944246] cloud-init[908]: Generating public/private dsa key pair.
[   22.948009] cloud-init[908]: Your identification has been saved in /etc/ssh/ssh_host_dsa_key.
[   22.952486] cloud-init[908]: Your public key has been saved in /etc/ssh/ssh_host_dsa_key.pub.
[   22.957049] cloud-init[908]: The key fingerprint is:
[   22.959039] cloud-init[908]: SHA256:89dEXHGBTMtP2QLDZwvwdpybx9XNReLyvR71UQp7uVE root@ubuntu-bionic
[   22.962607] cloud-init[908]: The key's randomart image is:
[   22.965175] cloud-init[908]: +---[DSA 1024]----+
[   22.967797] cloud-init[908]: |          .o=.o+B|
[   22.969985] cloud-init[908]: |           .+O+=B|
[   22.972417] cloud-init[908]: |            =*O+E|
[   22.974057] cloud-init[908]: |           . B+Xo|
[   22.988298] cloud-init[908]: |        S   . Xo=|
[   22.990575] cloud-init[908]: |         o   + +=|
[   22.992821] cloud-init[908]: |          . . oo.|
[   22.996492] cloud-init[908]: |           .  . .|
[   22.998633] cloud-init[908]: |               . |
[   23.000432] cloud-init[908]: +----[SHA256]-----+
[   23.002322] cloud-init[908]: Generating public/private ecdsa key pair.
[[0;32m  OK  [0m] Started Initial cloud-init job (metadata service crawler).
[   23.012675] cloud-init[908]: Your identification has been saved in /etc/ssh/ssh_host_ecdsa_key.
[[0;32m  OK  [0m] Reached target Network is Online.[   23.016492] cloud-init[908]: Your public key has been saved in /etc/ssh/ssh_host_ecdsa_key.pub.
[   23.018561] cloud-init[908]: The key fingerprint is:
[   23.020286] cloud-init[908]: SHA256:kMVo7Erk2oc3XWpCcW+Xac+493sfurwW18nXMPCSDVA root@ubuntu-bionic
[   23.023149] cloud-init[908]: 
The key's randomart image is:
[   23.027113]          Starting Availability of block devices...
[[0;32m  OK  [0m] Reached target Remote File Systems (Pre).
[[0;32m  OK  [0m] Reached target Remote File Systems.cloud-init[908]: +---[ECDSA 256]---+
[   23.036730] cloud-init[908]: |     . o. .oE    |
[   23.036879] cloud-init[908]: |    . =oo   o    |
[   23.036999] cloud-init[908]: |   o ooo .   O   |

[[0;32m  OK  [0m] Reached target Cloud-config availability.
[   23.037126] cloud-init[908]: |    o o.  + B =  |
[[0;32m  OK  [0m] Reached target System Initialization.
[[0;32m  OK  [0m] Started Daily Cleanup of Temporary Directories.
[   23.053111]          Starting LXD - unix socket.
[[0;32m  OK  [0m] Started Discard unused blocks once a week.
[[0;32m  OK  [0m] Started Message of the Day.
cloud-init[908]: |   + + .S+ o =.o+|
[   23.062335] cloud-init[908]: |  . + = +   ..o++|[[0;32m  OK  [0m] Listening on D-Bus System Message Bus Socket.

[[0;32m  OK  [0m[   23.072457] cloud-init[908]: |     o +     .o..|
[   23.073198] cloud-init[908]: |            o.o o|
[   23.074060] cloud-init[908]: |            .*oo*|
[   23.074919] cloud-init[908]: +----[SHA256]-----+
] Started ACPI Events Check.
[   23.075645] cloud-init[908]: Generating public/private ed25519 key pair.
[   23.079245] cloud-init[908]: Your identification has been saved in /etc/ssh/ssh_host_ed25519_key.
[   23.081555] cloud-init[908]: Your public key has been saved in /etc/ssh/ssh_host_ed25519_key.pub.
[   23.083041] cloud-init[908]: The key fingerprint is:
[   23.084000] cloud-init[908]: SHA256:XYkNQA/DwAwJiOddovz1v9EhLOJwODqyNyHMs2w35GU root@ubuntu-bionic
[   23.084693] cloud-init[908]: The key's randomart image is:
[   23.085589] cloud-init[908]: +--[ED25519 256]--+
[   23.086874] cloud-init[908]: |.....=.+=..      |
[   23.090201] cloud-init[908]: |o . o + .+ + .   |
[   23.090930] cloud-init[908]: | + o o    o +    |
[[0;32m  OK  [0m] Reached target Paths.
[[0;32m  OK  [0m] Listening on UUID daemon activation socket.
[[0;32m  OK  [0m] Listening on ACPID Listen Socket.
[[0;32m  OK  [0m[   23.098004] cloud-init[908]: |  + ...  o .     |
[   23.103994] cloud-init[908]: |o  .+.o.S + .    |
[   23.104873] cloud-init[908]: |.+.o.E ... o .   |
[   23.105610] cloud-init[908]: |o.B.o .  .. .    |
] Listening on cloud-init hotplug hook socket.
[   23.106621] cloud-init[908]: | *o=      ..     |
[   23.120267]          Starting Socket activation for snappy daemon.
[[0;32m  OK  [0m] Listening on Open-iSCSI iscsid Socket.
[[0;32m  OK  [0m] Started Ubuntu Advantage Timer for running repeated jobs.
cloud-init[908]: |o....     ..     |
[   23.129639] cloud-init[908]: +----[SHA256]-----+
[[0;32m  OK  [0m] Started Daily apt download activities.
[[0;32m  OK  [0m] Started Daily apt upgrade and clean activities.
[[0;32m  OK  [0m] Reached target Timers.
[[0;32m  OK  [0m] Started Availability of block devices.
[[0;32m  OK  [0m] Listening on LXD - unix socket.
[[0;32m  OK  [0m] Listening on Socket activation for snappy daemon.
[[0;32m  OK  [0m] Reached target Sockets.
[[0;32m  OK  [0m] Reached target Basic System.
         Starting LSB: Record successful boot for GRUB...
         Starting Permit User Sessions...
         Starting LXD - container startup/shutdown...
         Starting System Logging Service...
         Starting Pollinate to seed the pseudo random number generator...
[[0;32m  OK  [0m] Started Deferred execution scheduler.
         Starting Login Service...
[[0;32m  OK  [0m] Started Regular background program processing daemon.
[[0;32m  OK  [0m] Started D-Bus System Message Bus.
[[0;32m  OK  [0m] Started Login Service.
[[0;32m  OK  [0m] Started Unattended Upgrades Shutdown.
[[0;32m  OK  [0m] Started irqbalance daemon.
[[0;32m  OK  [0m] Started FUSE filesystem for LXC.
         Starting Dispatcher daemon for systemd-networkd...
         Starting Accounts Service...
         Starting Snap Daemon...
         Starting LSB: automatic crash report generation...
         Starting Virtualbox guest utils...
[[0;32m  OK  [0m] Started System Logging Service.
[[0;32m  OK  [0m] Started Permit User Sessions.
[[0;32m  OK  [0m] Started LXD - container startup/shutdown.
         Starting Hold until boot process finishes up...
         Starting Terminate Plymouth Boot Screen...
[[0;32m  OK  [0m] Started Hold until boot process finishes up.
[[0;32m  OK  [0m] Started Serial Getty on ttyS0.
         Starting Set console scheme...
[[0;32m  OK  [0m] Started Terminate Plymouth Boot Screen.
[[0;32m  OK  [0m] Started Set console scheme.
[[0;32m  OK  [0m] Created slice system-getty.slice.
[[0;32m  OK  [0m] Started Getty on tty1.
[[0;32m  OK  [0m] Reached target Login Prompts.
         Starting Authorization Manager...
[[0;32m  OK  [0m] Started LSB: automatic crash report generation.
[[0;32m  OK  [0m] Started LSB: Record successful boot for GRUB.
[[0;32m  OK  [0m] Started Authorization Manager.
[[0;32m  OK  [0m] Started Accounts Service.
[[0;32m  OK  [0m] Started Virtualbox guest utils.
[[0;32m  OK  [0m] Started Dispatcher daemon for systemd-networkd.
[[0;32m  OK  [0m] Started Snap Daemon.
         Starting Wait until snapd is fully seeded...
         Starting Time & Date Service...
[[0;32m  OK  [0m] Started Time & Date Service.
[[0;32m  OK  [0m] Started Pollinate to seed the pseudo random number generator.
         Starting OpenBSD Secure Shell server...
[[0;32m  OK  [0m] Started OpenBSD Secure Shell server.
[[0;32m  OK  [0m] Created slice User Slice of vagrant.
         Starting User Manager for UID 1000...
[[0;32m  OK  [0m] Started Session 1 of user vagrant.
[[0;32m  OK  [0m] Started User Manager for UID 1000.
[[0;32m  OK  [0m] Started Wait until snapd is fully seeded.
         Starting Apply the settings specified in cloud-config...

Ubuntu 18.04.6 LTS ubuntu-bionic ttyS0

ubuntu-bionic login: [   31.335001] cloud-init[1423]: Cloud-init v. 22.3.4-0ubuntu1~18.04.1 running 'modules:config' at Mon, 21 Nov 2022 00:51:37 +0000. Up 29.05 seconds.
ci-info: no authorized SSH keys fingerprints found for user ubuntu.
<14>Nov 21 00:51:41 cloud-init: #############################################################
<14>Nov 21 00:51:41 cloud-init: -----BEGIN SSH HOST KEY FINGERPRINTS-----
<14>Nov 21 00:51:41 cloud-init: 1024 SHA256:89dEXHGBTMtP2QLDZwvwdpybx9XNReLyvR71UQp7uVE root@ubuntu-bionic (DSA)
<14>Nov 21 00:51:41 cloud-init: 256 SHA256:kMVo7Erk2oc3XWpCcW+Xac+493sfurwW18nXMPCSDVA root@ubuntu-bionic (ECDSA)
<14>Nov 21 00:51:41 cloud-init: 256 SHA256:XYkNQA/DwAwJiOddovz1v9EhLOJwODqyNyHMs2w35GU root@ubuntu-bionic (ED25519)
<14>Nov 21 00:51:41 cloud-init: 2048 SHA256:tHjnDHuv8nK3gk7wMJCgSUS+cgr45Jfjfr28mS+vIV0 root@ubuntu-bionic (RSA)
<14>Nov 21 00:51:41 cloud-init: -----END SSH HOST KEY FINGERPRINTS-----
<14>Nov 21 00:51:41 cloud-init: #############################################################
-----BEGIN SSH HOST KEY KEYS-----
ecdsa-sha2-nistp256 AAAAE2VjZHNhLXNoYTItbmlzdHAyNTYAAAAIbmlzdHAyNTYAAABBBJWCMIEpZDISAr9H1XTVvirPUAMUKkJd+ytsthjC5/XPebR74WeVYCiEHF5kHL9w/YvgWsIcQiVKCJTNA/Mw3Bc= root@ubuntu-bionic
ssh-ed25519 AAAAC3NzaC1lZDI1NTE5AAAAIKq5bEH95clWEoIsW4e5IxwqpD1OA9vsXUz2eMpFTxar root@ubuntu-bionic
ssh-rsa AAAAB3NzaC1yc2EAAAADAQABAAABAQC9jLQLkaDI7PktIc9+1f6Dbq2mxF4z5LRniT9vskPvFK0EzluRcTWcqDNXAd5fyUBYDexKZBUGnGUkZnOvaYHMSBvleVKBM0cMXkpYdoADDb+BE+Pbe4CN9CHK/KbpgPpRbJm7AsO2NsCHT0Hf6Bl82zpTYsS6imq/IoQaQNnWTgMBKDH8u+jPKLbfPpBnX9Z13QIGCim/aRy51cEMkzfgn46Oc9Dkl8aeDQzAZ/eknQVmY70v5/QmGwkCSwlXxHr+nF5DHxKUrzgYN2wQRALQ4BUnqiWMcGX/AWTe2UCJdqdqho4KB76pllTDt7Lx0WuAyI/TqyO/+sGQ6L3Yzo3J root@ubuntu-bionic
-----END SSH HOST KEY KEYS-----
[   34.019781] cloud-init[1649]: Cloud-init v. 22.3.4-0ubuntu1~18.04.1 running 'modules:final' at Mon, 21 Nov 2022 00:51:41 +0000. Up 33.19 seconds.
[   34.020013] cloud-init[1649]: Cloud-init v. 22.3.4-0ubuntu1~18.04.1 finished at Mon, 21 Nov 2022 00:51:41 +0000. Datasource DataSourceNoCloud [seed=/dev/sdb][dsmode=net].  Up 33.99 seconds
